<?xml version="1.0" encoding="UTF-8"?>
<testsuite xmlns:xsi="http://www.w3.org/2001/XMLSchema-instance" xsi:noNamespaceSchemaLocation="https://maven.apache.org/surefire/maven-surefire-plugin/xsd/surefire-test-report.xsd" name="com.dev.AppTest" time="0.922" tests="6" errors="0" skipped="0" failures="0">
  <properties>
[...]
</properties>
  <testcase name="testGetAllClients" classname="com.dev.AppTest" time="0.869"/>
  <testcase name="testGetClientsByDailyAmount" classname="com.dev.AppTest" time="0.008"/>
  <testcase name="testUpdateClient" classname="com.dev.AppTest" time="0.005"/>
  <testcase name="testGetClientsBetweenDates" classname="com.dev.AppTest" time="0.008"/>
  <testcase name="testDeleteClient" classname="com.dev.AppTest" time="0.007"/>
  <testcase name="testAddClient" classname="com.dev.AppTest" time="0.004"/>
</testsuite>